<?xml version="1.0" encoding="UTF-8"?>
<testng-results skipped="0" failed="0" ignored="0" total="1" passed="1">
  <reporter-output>
  </reporter-output>
  <suite name="Default suite" duration-ms="29790" started-at="2020-02-02T03:23:26Z" finished-at="2020-02-02T03:23:55Z">
    <groups>
    </groups>
    <test name="Default test" duration-ms="29790" started-at="2020-02-02T03:23:26Z" finished-at="2020-02-02T03:23:55Z">
      <class name="com.vision.freecrm.hybridframework.testcases.NewContactsPageTest">
        <test-method status="PASS" signature="init()[pri:0, instance:com.vision.freecrm.hybridframework.testcases.NewContactsPageTest@1b604f19]" name="init" is-config="true" duration-ms="1110" started-at="2020-02-02T08:53:25Z" finished-at="2020-02-02T08:53:26Z">
          <reporter-output>
          </reporter-output>
        </test-method> <!-- init -->
        <test-method status="PASS" signature="setUp()[pri:0, instance:com.vision.freecrm.hybridframework.testcases.NewContactsPageTest@1b604f19]" name="setUp" is-config="true" duration-ms="26359" started-at="2020-02-02T08:53:26Z" finished-at="2020-02-02T08:53:52Z">
          <reporter-output>
          </reporter-output>
        </test-method> <!-- setUp -->
        <test-method status="PASS" signature="createNewAccountsTest()[pri:0, instance:com.vision.freecrm.hybridframework.testcases.NewContactsPageTest@1b604f19]" name="createNewAccountsTest" duration-ms="3395" started-at="2020-02-02T08:53:52Z" finished-at="2020-02-02T08:53:55Z">
          <reporter-output>
          </reporter-output>
        </test-method> <!-- createNewAccountsTest -->
        <test-method status="PASS" signature="tearDown()[pri:0, instance:com.vision.freecrm.hybridframework.testcases.NewContactsPageTest@1b604f19]" name="tearDown" is-config="true" duration-ms="0" started-at="2020-02-02T08:53:55Z" finished-at="2020-02-02T08:53:55Z">
          <reporter-output>
          </reporter-output>
        </test-method> <!-- tearDown -->
      </class> <!-- com.vision.freecrm.hybridframework.testcases.NewContactsPageTest -->
    </test> <!-- Default test -->
  </suite> <!-- Default suite -->
</testng-results>
