<?xml version="1.0" encoding="UTF-8"?>
<testng-results skipped="0" failed="0" ignored="1" total="2" passed="1">
  <reporter-output>
  </reporter-output>
  <suite name="Default suite" duration-ms="47781" started-at="2020-01-25T04:05:41Z" finished-at="2020-01-25T04:06:29Z">
    <groups>
    </groups>
    <test name="Default test" duration-ms="47781" started-at="2020-01-25T04:05:41Z" finished-at="2020-01-25T04:06:29Z">
      <class name="com.vision.freecrm.hybridframework.testcases.HomePageTest">
        <test-method status="PASS" signature="init()[pri:0, instance:com.vision.freecrm.hybridframework.testcases.HomePageTest@5c7fa833]" name="init" is-config="true" duration-ms="2406" started-at="2020-01-25T09:35:38Z" finished-at="2020-01-25T09:35:41Z">
          <reporter-output>
          </reporter-output>
        </test-method> <!-- init -->
        <test-method status="PASS" signature="setUp()[pri:0, instance:com.vision.freecrm.hybridframework.testcases.HomePageTest@5c7fa833]" name="setUp" is-config="true" duration-ms="47020" started-at="2020-01-25T09:35:41Z" finished-at="2020-01-25T09:36:28Z">
          <reporter-output>
          </reporter-output>
        </test-method> <!-- setUp -->
        <test-method status="PASS" signature="navigatetoNewContactsPageTest()[pri:2, instance:com.vision.freecrm.hybridframework.testcases.HomePageTest@5c7fa833]" name="navigatetoNewContactsPageTest" duration-ms="720" started-at="2020-01-25T09:36:28Z" finished-at="2020-01-25T09:36:29Z">
          <reporter-output>
          </reporter-output>
        </test-method> <!-- navigatetoNewContactsPageTest -->
        <test-method status="PASS" signature="tearDown()[pri:0, instance:com.vision.freecrm.hybridframework.testcases.HomePageTest@5c7fa833]" name="tearDown" is-config="true" duration-ms="3" started-at="2020-01-25T09:36:29Z" finished-at="2020-01-25T09:36:29Z">
          <reporter-output>
          </reporter-output>
        </test-method> <!-- tearDown -->
      </class> <!-- com.vision.freecrm.hybridframework.testcases.HomePageTest -->
    </test> <!-- Default test -->
  </suite> <!-- Default suite -->
</testng-results>
