<?xml version="1.0" encoding="UTF-8"?>
<!-- Generated by org.testng.reporters.JUnitXMLReporter -->
<testsuite hostname="DESKTOP-OM2QHAP" ignored="1" name="Default test" tests="1" failures="0" timestamp="25 Jan 2020 04:06:29 GMT" time="47.781" errors="0">
  <testcase name="navigatetoNewContactsPageTest" time="0.72" classname="com.vision.freecrm.hybridframework.testcases.HomePageTest"/>
  <testcase name="verifyloggedUserNameTest" time="0.0" classname="com.vision.freecrm.hybridframework.testcases.HomePageTest">
    <ignored/>
  </testcase> <!-- verifyloggedUserNameTest -->
</testsuite> <!-- Default test -->
